<?xml version="1.0" encoding="UTF-8"?>
<testsuite xmlns:xsi="http://www.w3.org/2001/XMLSchema-instance" xsi:noNamespaceSchemaLocation="https://maven.apache.org/surefire/maven-surefire-plugin/xsd/surefire-test-report.xsd" name="com.kw.rcl.common.util.BaseTest" time="0.983" tests="1" errors="0" skipped="0" failures="0">
  <properties>
    <property name="gopherProxySet" value="false"/>
    <property name="awt.toolkit" value="sun.lwawt.macosx.LWCToolkit"/>
    <property name="socksProxyHost" value="127.0.0.1"/>
    <property name="file.encoding.pkg" value="sun.io"/>
    <property name="java.specification.version" value="1.8"/>
    <property name="sun.cpu.isalist" value=""/>
    <property name="sun.jnu.encoding" value="UTF-8"/>
    <property name="java.class.path" value="/Users/jeff/IdeaProjects/RCL/rcl-common/target/test-classes:/Users/jeff/IdeaProjects/RCL/rcl-common/target/classes:/Users/jeff/IdeaProjects/RCL/rcl-start/target/classes:/Users/jeff/.m2/repository/org/springframework/boot/spring-boot-autoconfigure/2.1.3.RELEASE/spring-boot-autoconfigure-2.1.3.RELEASE.jar:/Users/jeff/.m2/repository/org/springframework/boot/spring-boot-starter/2.1.3.RELEASE/spring-boot-starter-2.1.3.RELEASE.jar:/Users/jeff/.m2/repository/org/springframework/boot/spring-boot/2.1.3.RELEASE/spring-boot-2.1.3.RELEASE.jar:/Users/jeff/.m2/repository/org/springframework/spring-context/5.1.5.RELEASE/spring-context-5.1.5.RELEASE.jar:/Users/jeff/.m2/repository/org/springframework/spring-aop/5.1.5.RELEASE/spring-aop-5.1.5.RELEASE.jar:/Users/jeff/.m2/repository/org/springframework/spring-beans/5.1.5.RELEASE/spring-beans-5.1.5.RELEASE.jar:/Users/jeff/.m2/repository/org/springframework/spring-expression/5.1.5.RELEASE/spring-expression-5.1.5.RELEASE.jar:/Users/jeff/.m2/repository/org/springframework/boot/spring-boot-starter-logging/2.1.3.RELEASE/spring-boot-starter-logging-2.1.3.RELEASE.jar:/Users/jeff/.m2/repository/ch/qos/logback/logback-classic/1.2.3/logback-classic-1.2.3.jar:/Users/jeff/.m2/repository/ch/qos/logback/logback-core/1.2.3/logback-core-1.2.3.jar:/Users/jeff/.m2/repository/org/slf4j/slf4j-api/1.7.25/slf4j-api-1.7.25.jar:/Users/jeff/.m2/repository/org/apache/logging/log4j/log4j-to-slf4j/2.11.2/log4j-to-slf4j-2.11.2.jar:/Users/jeff/.m2/repository/org/apache/logging/log4j/log4j-api/2.11.2/log4j-api-2.11.2.jar:/Users/jeff/.m2/repository/org/slf4j/jul-to-slf4j/1.7.25/jul-to-slf4j-1.7.25.jar:/Users/jeff/.m2/repository/javax/annotation/javax.annotation-api/1.3.2/javax.annotation-api-1.3.2.jar:/Users/jeff/.m2/repository/org/springframework/spring-core/5.1.5.RELEASE/spring-core-5.1.5.RELEASE.jar:/Users/jeff/.m2/repository/org/springframework/spring-jcl/5.1.5.RELEASE/spring-jcl-5.1.5.RELEASE.jar:/Users/jeff/.m2/repository/org/yaml/snakeyaml/1.23/snakeyaml-1.23.jar:/Users/jeff/.m2/repository/org/projectlombok/lombok/1.18.6/lombok-1.18.6.jar:/Users/jeff/.m2/repository/org/springframework/boot/spring-boot-test/2.1.3.RELEASE/spring-boot-test-2.1.3.RELEASE.jar:/Users/jeff/.m2/repository/junit/junit/4.12/junit-4.12.jar:/Users/jeff/.m2/repository/org/hamcrest/hamcrest-core/1.3/hamcrest-core-1.3.jar:/Users/jeff/.m2/repository/org/springframework/spring-test/5.1.5.RELEASE/spring-test-5.1.5.RELEASE.jar:"/>
    <property name="java.vm.vendor" value="Oracle Corporation"/>
    <property name="sun.arch.data.model" value="64"/>
    <property name="java.vendor.url" value="http://java.oracle.com/"/>
    <property name="user.timezone" value=""/>
    <property name="java.vm.specification.version" value="1.8"/>
    <property name="os.name" value="Mac OS X"/>
    <property name="user.country" value="CN"/>
    <property name="sun.java.launcher" value="SUN_STANDARD"/>
    <property name="sun.boot.library.path" value="/Library/Java/JavaVirtualMachines/jdk1.8.0_201.jdk/Contents/Home/jre/lib"/>
    <property name="sun.java.command" value="/Users/jeff/IdeaProjects/RCL/rcl-common/target/surefire/surefirebooter683780948806104998.jar /Users/jeff/IdeaProjects/RCL/rcl-common/target/surefire 2019-04-03T10-12-24_522-jvmRun1 surefire8152085424086987530tmp surefire_11345308688524393369tmp"/>
    <property name="http.nonProxyHosts" value="360.cn|*.360.cn|ali.com|*.ali.com|alibaba-inc.com|*.alibaba-inc.com|alibaba.com|*.alibaba.com|alibaba.net|*.alibaba.net|alibabacorp.com|*.alibabacorp.com|alicdn.com|*.alicdn.com|aliexpress.com|*.aliexpress.com|alikunlun.com|*.alikunlun.com|alipay-corp.com|*.alipay-corp.com|alipay-inc.com|*.alipay-inc.com|alipay.com|*.alipay.com|alipay.net|*.alipay.net|alipayobjects.com|*.alipayobjects.com|alitrip.com|*.alitrip.com|aliway.com|*.aliway.com|aliyun-inc.com|*.aliyun-inc.com|aliyuncs.com|*.aliyuncs.com|alizoo.com|*.alizoo.com|amap.com|*.amap.com|antfin-inc.com|*.antfin-inc.com|antfin.com|*.antfin.com|antfinancial-corp.com|*.antfinancial-corp.com|antsdaq-corp.com|*.antsdaq-corp.com|anyproxy.io|*.anyproxy.io|atatech.org|*.atatech.org|baidu.com|*.baidu.com|cainiao-inc.com|*.cainiao-inc.com|cnzz.com|*.cnzz.com|dingtalk.com|*.dingtalk.com|ele.me|*.ele.me|ele.to|*.ele.to|eleme.cn|*.eleme.cn|eleme.com.cn|*.eleme.com.cn|eleme.io|*.eleme.io|elemecdn.cn|*.elemecdn.cn|elemecdn.com|*.elemecdn.com|elenet.me|*.elenet.me|koubei-corp.com|*.koubei-corp.com|mayibank.net|*.mayibank.net|mmstat.com|*.mmstat.com|mybank-corp.cn|*.mybank-corp.cn|nlark.com|*.nlark.com|qq.com|*.qq.com|rajax-inc.com|*.rajax-inc.com|rajax-inc.net|*.rajax-inc.net|rajax.me|*.rajax.me|taobao.com|*.taobao.com|taobao.net|*.taobao.net|taobao.org|*.taobao.org|tbcdn.cn|*.tbcdn.cn|tbsite.net|*.tbsite.net|tmall.net|*.tmall.net|weiyun.com|*.weiyun.com|yunos-inc.com|*.yunos-inc.com|yunos.com|*.yunos.com|yuque.com|*.yuque.com|zmxy-corp.com.cn|*.zmxy-corp.com.cn|cloudprinter-hz.taobao.ali.com|*.cloudprinter-hz.taobao.ali.com|weibo.com|*.weibo.com"/>
    <property name="surefire.test.class.path" value="/Users/jeff/IdeaProjects/RCL/rcl-common/target/test-classes:/Users/jeff/IdeaProjects/RCL/rcl-common/target/classes:/Users/jeff/IdeaProjects/RCL/rcl-start/target/classes:/Users/jeff/.m2/repository/org/springframework/boot/spring-boot-autoconfigure/2.1.3.RELEASE/spring-boot-autoconfigure-2.1.3.RELEASE.jar:/Users/jeff/.m2/repository/org/springframework/boot/spring-boot-starter/2.1.3.RELEASE/spring-boot-starter-2.1.3.RELEASE.jar:/Users/jeff/.m2/repository/org/springframework/boot/spring-boot/2.1.3.RELEASE/spring-boot-2.1.3.RELEASE.jar:/Users/jeff/.m2/repository/org/springframework/spring-context/5.1.5.RELEASE/spring-context-5.1.5.RELEASE.jar:/Users/jeff/.m2/repository/org/springframework/spring-aop/5.1.5.RELEASE/spring-aop-5.1.5.RELEASE.jar:/Users/jeff/.m2/repository/org/springframework/spring-beans/5.1.5.RELEASE/spring-beans-5.1.5.RELEASE.jar:/Users/jeff/.m2/repository/org/springframework/spring-expression/5.1.5.RELEASE/spring-expression-5.1.5.RELEASE.jar:/Users/jeff/.m2/repository/org/springframework/boot/spring-boot-starter-logging/2.1.3.RELEASE/spring-boot-starter-logging-2.1.3.RELEASE.jar:/Users/jeff/.m2/repository/ch/qos/logback/logback-classic/1.2.3/logback-classic-1.2.3.jar:/Users/jeff/.m2/repository/ch/qos/logback/logback-core/1.2.3/logback-core-1.2.3.jar:/Users/jeff/.m2/repository/org/slf4j/slf4j-api/1.7.25/slf4j-api-1.7.25.jar:/Users/jeff/.m2/repository/org/apache/logging/log4j/log4j-to-slf4j/2.11.2/log4j-to-slf4j-2.11.2.jar:/Users/jeff/.m2/repository/org/apache/logging/log4j/log4j-api/2.11.2/log4j-api-2.11.2.jar:/Users/jeff/.m2/repository/org/slf4j/jul-to-slf4j/1.7.25/jul-to-slf4j-1.7.25.jar:/Users/jeff/.m2/repository/javax/annotation/javax.annotation-api/1.3.2/javax.annotation-api-1.3.2.jar:/Users/jeff/.m2/repository/org/springframework/spring-core/5.1.5.RELEASE/spring-core-5.1.5.RELEASE.jar:/Users/jeff/.m2/repository/org/springframework/spring-jcl/5.1.5.RELEASE/spring-jcl-5.1.5.RELEASE.jar:/Users/jeff/.m2/repository/org/yaml/snakeyaml/1.23/snakeyaml-1.23.jar:/Users/jeff/.m2/repository/org/projectlombok/lombok/1.18.6/lombok-1.18.6.jar:/Users/jeff/.m2/repository/org/springframework/boot/spring-boot-test/2.1.3.RELEASE/spring-boot-test-2.1.3.RELEASE.jar:/Users/jeff/.m2/repository/junit/junit/4.12/junit-4.12.jar:/Users/jeff/.m2/repository/org/hamcrest/hamcrest-core/1.3/hamcrest-core-1.3.jar:/Users/jeff/.m2/repository/org/springframework/spring-test/5.1.5.RELEASE/spring-test-5.1.5.RELEASE.jar:"/>
    <property name="sun.cpu.endian" value="little"/>
    <property name="user.home" value="/Users/jeff"/>
    <property name="user.language" value="zh"/>
    <property name="java.specification.vendor" value="Oracle Corporation"/>
    <property name="java.home" value="/Library/Java/JavaVirtualMachines/jdk1.8.0_201.jdk/Contents/Home/jre"/>
    <property name="basedir" value="/Users/jeff/IdeaProjects/RCL/rcl-common"/>
    <property name="file.separator" value="/"/>
    <property name="line.separator" value="&#10;"/>
    <property name="java.vm.specification.vendor" value="Oracle Corporation"/>
    <property name="java.specification.name" value="Java Platform API Specification"/>
    <property name="java.awt.graphicsenv" value="sun.awt.CGraphicsEnvironment"/>
    <property name="surefire.real.class.path" value="/Users/jeff/IdeaProjects/RCL/rcl-common/target/surefire/surefirebooter683780948806104998.jar"/>
    <property name="sun.boot.class.path" value="/Library/Java/JavaVirtualMachines/jdk1.8.0_201.jdk/Contents/Home/jre/lib/resources.jar:/Library/Java/JavaVirtualMachines/jdk1.8.0_201.jdk/Contents/Home/jre/lib/rt.jar:/Library/Java/JavaVirtualMachines/jdk1.8.0_201.jdk/Contents/Home/jre/lib/sunrsasign.jar:/Library/Java/JavaVirtualMachines/jdk1.8.0_201.jdk/Contents/Home/jre/lib/jsse.jar:/Library/Java/JavaVirtualMachines/jdk1.8.0_201.jdk/Contents/Home/jre/lib/jce.jar:/Library/Java/JavaVirtualMachines/jdk1.8.0_201.jdk/Contents/Home/jre/lib/charsets.jar:/Library/Java/JavaVirtualMachines/jdk1.8.0_201.jdk/Contents/Home/jre/lib/jfr.jar:/Library/Java/JavaVirtualMachines/jdk1.8.0_201.jdk/Contents/Home/jre/classes"/>
    <property name="sun.management.compiler" value="HotSpot 64-Bit Tiered Compilers"/>
    <property name="ftp.nonProxyHosts" value="360.cn|*.360.cn|ali.com|*.ali.com|alibaba-inc.com|*.alibaba-inc.com|alibaba.com|*.alibaba.com|alibaba.net|*.alibaba.net|alibabacorp.com|*.alibabacorp.com|alicdn.com|*.alicdn.com|aliexpress.com|*.aliexpress.com|alikunlun.com|*.alikunlun.com|alipay-corp.com|*.alipay-corp.com|alipay-inc.com|*.alipay-inc.com|alipay.com|*.alipay.com|alipay.net|*.alipay.net|alipayobjects.com|*.alipayobjects.com|alitrip.com|*.alitrip.com|aliway.com|*.aliway.com|aliyun-inc.com|*.aliyun-inc.com|aliyuncs.com|*.aliyuncs.com|alizoo.com|*.alizoo.com|amap.com|*.amap.com|antfin-inc.com|*.antfin-inc.com|antfin.com|*.antfin.com|antfinancial-corp.com|*.antfinancial-corp.com|antsdaq-corp.com|*.antsdaq-corp.com|anyproxy.io|*.anyproxy.io|atatech.org|*.atatech.org|baidu.com|*.baidu.com|cainiao-inc.com|*.cainiao-inc.com|cnzz.com|*.cnzz.com|dingtalk.com|*.dingtalk.com|ele.me|*.ele.me|ele.to|*.ele.to|eleme.cn|*.eleme.cn|eleme.com.cn|*.eleme.com.cn|eleme.io|*.eleme.io|elemecdn.cn|*.elemecdn.cn|elemecdn.com|*.elemecdn.com|elenet.me|*.elenet.me|koubei-corp.com|*.koubei-corp.com|mayibank.net|*.mayibank.net|mmstat.com|*.mmstat.com|mybank-corp.cn|*.mybank-corp.cn|nlark.com|*.nlark.com|qq.com|*.qq.com|rajax-inc.com|*.rajax-inc.com|rajax-inc.net|*.rajax-inc.net|rajax.me|*.rajax.me|taobao.com|*.taobao.com|taobao.net|*.taobao.net|taobao.org|*.taobao.org|tbcdn.cn|*.tbcdn.cn|tbsite.net|*.tbsite.net|tmall.net|*.tmall.net|weiyun.com|*.weiyun.com|yunos-inc.com|*.yunos-inc.com|yunos.com|*.yunos.com|yuque.com|*.yuque.com|zmxy-corp.com.cn|*.zmxy-corp.com.cn|cloudprinter-hz.taobao.ali.com|*.cloudprinter-hz.taobao.ali.com|weibo.com|*.weibo.com"/>
    <property name="java.runtime.version" value="1.8.0_201-b09"/>
    <property name="user.name" value="jeff"/>
    <property name="path.separator" value=":"/>
    <property name="os.version" value="10.14.2"/>
    <property name="java.endorsed.dirs" value="/Library/Java/JavaVirtualMachines/jdk1.8.0_201.jdk/Contents/Home/jre/lib/endorsed"/>
    <property name="java.runtime.name" value="Java(TM) SE Runtime Environment"/>
    <property name="file.encoding" value="UTF-8"/>
    <property name="java.vm.name" value="Java HotSpot(TM) 64-Bit Server VM"/>
    <property name="localRepository" value="/Users/jeff/.m2/repository"/>
    <property name="java.vendor.url.bug" value="http://bugreport.sun.com/bugreport/"/>
    <property name="java.io.tmpdir" value="/var/folders/hh/f_yyrf1s74jg2t59310kxxs00000gp/T/"/>
    <property name="java.version" value="1.8.0_201"/>
    <property name="user.dir" value="/Users/jeff/IdeaProjects/RCL/rcl-common"/>
    <property name="os.arch" value="x86_64"/>
    <property name="socksProxyPort" value="13659"/>
    <property name="java.vm.specification.name" value="Java Virtual Machine Specification"/>
    <property name="java.awt.printerjob" value="sun.lwawt.macosx.CPrinterJob"/>
    <property name="sun.os.patch.level" value="unknown"/>
    <property name="java.library.path" value="/Users/jeff/Library/Java/Extensions:/Library/Java/Extensions:/Network/Library/Java/Extensions:/System/Library/Java/Extensions:/usr/lib/java:."/>
    <property name="java.vm.info" value="mixed mode"/>
    <property name="java.vendor" value="Oracle Corporation"/>
    <property name="java.vm.version" value="25.201-b09"/>
    <property name="java.ext.dirs" value="/Users/jeff/Library/Java/Extensions:/Library/Java/JavaVirtualMachines/jdk1.8.0_201.jdk/Contents/Home/jre/lib/ext:/Library/Java/Extensions:/Network/Library/Java/Extensions:/System/Library/Java/Extensions:/usr/lib/java"/>
    <property name="sun.io.unicode.encoding" value="UnicodeBig"/>
    <property name="java.class.version" value="52.0"/>
    <property name="socksNonProxyHosts" value="360.cn|*.360.cn|ali.com|*.ali.com|alibaba-inc.com|*.alibaba-inc.com|alibaba.com|*.alibaba.com|alibaba.net|*.alibaba.net|alibabacorp.com|*.alibabacorp.com|alicdn.com|*.alicdn.com|aliexpress.com|*.aliexpress.com|alikunlun.com|*.alikunlun.com|alipay-corp.com|*.alipay-corp.com|alipay-inc.com|*.alipay-inc.com|alipay.com|*.alipay.com|alipay.net|*.alipay.net|alipayobjects.com|*.alipayobjects.com|alitrip.com|*.alitrip.com|aliway.com|*.aliway.com|aliyun-inc.com|*.aliyun-inc.com|aliyuncs.com|*.aliyuncs.com|alizoo.com|*.alizoo.com|amap.com|*.amap.com|antfin-inc.com|*.antfin-inc.com|antfin.com|*.antfin.com|antfinancial-corp.com|*.antfinancial-corp.com|antsdaq-corp.com|*.antsdaq-corp.com|anyproxy.io|*.anyproxy.io|atatech.org|*.atatech.org|baidu.com|*.baidu.com|cainiao-inc.com|*.cainiao-inc.com|cnzz.com|*.cnzz.com|dingtalk.com|*.dingtalk.com|ele.me|*.ele.me|ele.to|*.ele.to|eleme.cn|*.eleme.cn|eleme.com.cn|*.eleme.com.cn|eleme.io|*.eleme.io|elemecdn.cn|*.elemecdn.cn|elemecdn.com|*.elemecdn.com|elenet.me|*.elenet.me|koubei-corp.com|*.koubei-corp.com|mayibank.net|*.mayibank.net|mmstat.com|*.mmstat.com|mybank-corp.cn|*.mybank-corp.cn|nlark.com|*.nlark.com|qq.com|*.qq.com|rajax-inc.com|*.rajax-inc.com|rajax-inc.net|*.rajax-inc.net|rajax.me|*.rajax.me|taobao.com|*.taobao.com|taobao.net|*.taobao.net|taobao.org|*.taobao.org|tbcdn.cn|*.tbcdn.cn|tbsite.net|*.tbsite.net|tmall.net|*.tmall.net|weiyun.com|*.weiyun.com|yunos-inc.com|*.yunos-inc.com|yunos.com|*.yunos.com|yuque.com|*.yuque.com|zmxy-corp.com.cn|*.zmxy-corp.com.cn|cloudprinter-hz.taobao.ali.com|*.cloudprinter-hz.taobao.ali.com|weibo.com|*.weibo.com"/>
  </properties>
  <testcase name="contextLoads" classname="com.kw.rcl.common.util.BaseTest" time="0.002"/>
</testsuite>